/*C3*/SET SCHEMA PUBLIC
CREATE TABLE IF NOT EXISTS Users ( id INT GENERATED BY DEFAULT AS IDENTITY (START WITH 1 INCREMENT BY 1) PRIMARY KEY, username VARCHAR(100) NOT NULL, isExpert BIT )
CREATE TABLE IF NOT EXISTS Axioms ( id INT GENERATED BY DEFAULT AS IDENTITY (START WITH 1 INCREMENT BY 1) PRIMARY KEY, axiom VARCHAR(500) NOT NULL, verbalization VARCHAR(500) NOT NULL )
CREATE TABLE IF NOT EXISTS AxiomExperiments ( userId INT FOREIGN KEY REFERENCES Users(id) NOT NULL, axiomId INT FOREIGN KEY REFERENCES Axioms(id) NOT NULL, adequacy INT NOT NULL, fluency INT NOT NULL, CONSTRAINT pk_axiomExperiment PRIMARY KEY (userId, axiomId) )
CREATE TABLE IF NOT EXISTS Instances ( id INT GENERATED BY DEFAULT AS IDENTITY (START WITH 1 INCREMENT BY 1) PRIMARY KEY, instanceOf INT FOREIGN KEY REFERENCES Axioms(id) NOT NULL, name VARCHAR(500) NOT NULL, correctInstance BIT NOT NULL )
CREATE TABLE IF NOT EXISTS InstanceTriples ( id INT GENERATED BY DEFAULT AS IDENTITY (START WITH 1 INCREMENT BY 1) PRIMARY KEY, tripleOf INT FOREIGN KEY REFERENCES Instances(id), overheadTripleOf INT FOREIGN KEY REFERENCES Axioms(id), triple VARCHAR(500) NOT NULL, verbalization VARCHAR(500) NOT NULL )
CREATE TABLE IF NOT EXISTS ClassExperiments ( userId INT FOREIGN KEY REFERENCES Users(id) NOT NULL, axiomId INT FOREIGN KEY REFERENCES Axioms(id) NOT NULL, usersChoice INT FOREIGN KEY REFERENCES Instances(id) NOT NULL, CONSTRAINT pk_classExperiment PRIMARY KEY (userId, axiomId) )
CREATE TABLE IF NOT EXISTS Resources ( id INT GENERATED BY DEFAULT AS IDENTITY (START WITH 1 INCREMENT BY 1) PRIMARY KEY, resource VARCHAR(500) NOT NULL, verbalization VARCHAR(1000) NOT NULL )
CREATE TABLE IF NOT EXISTS Triples ( id INT GENERATED BY DEFAULT AS IDENTITY (START WITH 1 INCREMENT BY 1) PRIMARY KEY, aggregatesResource INT FOREIGN KEY REFERENCES Resources(id) NOT NULL, triple VARCHAR(500) NOT NULL, verbalization VARCHAR(500) NOT NULL )
CREATE TABLE IF NOT EXISTS ResourceExperiments ( userId INT FOREIGN KEY REFERENCES Users(id) NOT NULL, resourceId INT FOREIGN KEY REFERENCES Resources(id), adequacy INT, fluency INT NOT NULL, completeness INT, CONSTRAINT pk_resourceExperiment PRIMARY KEY (userId, resourceId) )
DISCONNECT
/*C4*/SET SCHEMA PUBLIC
DISCONNECT
/*C5*/SET SCHEMA PUBLIC
INSERT INTO USERS VALUES(1,'376CC8B9C896D292ACF892A93A0E29F5',NULL)
COMMIT
DISCONNECT
/*C6*/SET SCHEMA PUBLIC
DISCONNECT
/*C7*/SET SCHEMA PUBLIC
DISCONNECT
/*C8*/SET SCHEMA PUBLIC
DISCONNECT
/*C9*/SET SCHEMA PUBLIC
DISCONNECT
/*C10*/SET SCHEMA PUBLIC
DISCONNECT
/*C11*/SET SCHEMA PUBLIC
DISCONNECT
/*C12*/SET SCHEMA PUBLIC
DISCONNECT
/*C13*/SET SCHEMA PUBLIC
DELETE FROM USERS WHERE ID=1
INSERT INTO USERS VALUES(1,'376CC8B9C896D292ACF892A93A0E29F5','1')
COMMIT
DISCONNECT
/*C14*/SET SCHEMA PUBLIC
DISCONNECT
/*C15*/SET SCHEMA PUBLIC
DISCONNECT
/*C16*/SET SCHEMA PUBLIC
DISCONNECT
/*C17*/SET SCHEMA PUBLIC
DISCONNECT
/*C18*/SET SCHEMA PUBLIC
DISCONNECT
/*C19*/SET SCHEMA PUBLIC
DISCONNECT
/*C20*/SET SCHEMA PUBLIC
DISCONNECT
/*C21*/SET SCHEMA PUBLIC
INSERT INTO AXIOMEXPERIMENTS VALUES(1,1,5,5)
COMMIT
DISCONNECT
/*C22*/SET SCHEMA PUBLIC
DISCONNECT
/*C23*/SET SCHEMA PUBLIC
DISCONNECT
/*C24*/SET SCHEMA PUBLIC
DISCONNECT
/*C25*/SET SCHEMA PUBLIC
DISCONNECT
/*C26*/SET SCHEMA PUBLIC
DISCONNECT
/*C27*/SET SCHEMA PUBLIC
DISCONNECT
/*C28*/SET SCHEMA PUBLIC
DISCONNECT
/*C29*/SET SCHEMA PUBLIC
INSERT INTO AXIOMEXPERIMENTS VALUES(1,2,4,4)
COMMIT
DISCONNECT
/*C30*/SET SCHEMA PUBLIC
DISCONNECT
/*C31*/SET SCHEMA PUBLIC
DISCONNECT
/*C32*/SET SCHEMA PUBLIC
DISCONNECT
/*C33*/SET SCHEMA PUBLIC
DISCONNECT
/*C34*/SET SCHEMA PUBLIC
DISCONNECT
/*C35*/SET SCHEMA PUBLIC
DISCONNECT
/*C36*/SET SCHEMA PUBLIC
DISCONNECT
/*C37*/SET SCHEMA PUBLIC
INSERT INTO AXIOMEXPERIMENTS VALUES(1,3,5,5)
COMMIT
DISCONNECT
/*C38*/SET SCHEMA PUBLIC
DISCONNECT
/*C39*/SET SCHEMA PUBLIC
DISCONNECT
/*C40*/SET SCHEMA PUBLIC
DISCONNECT
/*C41*/SET SCHEMA PUBLIC
DISCONNECT
/*C42*/SET SCHEMA PUBLIC
DISCONNECT
/*C43*/SET SCHEMA PUBLIC
DISCONNECT
/*C44*/SET SCHEMA PUBLIC
DISCONNECT
/*C45*/SET SCHEMA PUBLIC
INSERT INTO AXIOMEXPERIMENTS VALUES(1,4,4,4)
COMMIT
DISCONNECT
/*C46*/SET SCHEMA PUBLIC
DISCONNECT
/*C47*/SET SCHEMA PUBLIC
DISCONNECT
/*C48*/SET SCHEMA PUBLIC
DISCONNECT
/*C49*/SET SCHEMA PUBLIC
DISCONNECT
/*C50*/SET SCHEMA PUBLIC
DISCONNECT
/*C51*/SET SCHEMA PUBLIC
DISCONNECT
/*C52*/SET SCHEMA PUBLIC
DISCONNECT
/*C53*/SET SCHEMA PUBLIC
DISCONNECT
/*C54*/SET SCHEMA PUBLIC
DISCONNECT
/*C55*/SET SCHEMA PUBLIC
DISCONNECT
/*C56*/SET SCHEMA PUBLIC
DISCONNECT
/*C57*/SET SCHEMA PUBLIC
DISCONNECT
/*C58*/SET SCHEMA PUBLIC
DISCONNECT
/*C59*/SET SCHEMA PUBLIC
DISCONNECT
/*C60*/SET SCHEMA PUBLIC
DISCONNECT
/*C61*/SET SCHEMA PUBLIC
DISCONNECT
/*C62*/SET SCHEMA PUBLIC
DISCONNECT
/*C63*/SET SCHEMA PUBLIC
DISCONNECT
/*C64*/SET SCHEMA PUBLIC
DISCONNECT
/*C65*/SET SCHEMA PUBLIC
DISCONNECT
/*C66*/SET SCHEMA PUBLIC
INSERT INTO CLASSEXPERIMENTS VALUES(1,2,5)
COMMIT
DISCONNECT
/*C67*/SET SCHEMA PUBLIC
DISCONNECT
/*C68*/SET SCHEMA PUBLIC
DISCONNECT
/*C69*/SET SCHEMA PUBLIC
DISCONNECT
/*C70*/SET SCHEMA PUBLIC
DISCONNECT
/*C71*/SET SCHEMA PUBLIC
DISCONNECT
/*C72*/SET SCHEMA PUBLIC
DISCONNECT
/*C73*/SET SCHEMA PUBLIC
DISCONNECT
/*C74*/SET SCHEMA PUBLIC
DISCONNECT
/*C75*/SET SCHEMA PUBLIC
DISCONNECT
/*C76*/SET SCHEMA PUBLIC
DISCONNECT
/*C77*/SET SCHEMA PUBLIC
DISCONNECT
/*C78*/SET SCHEMA PUBLIC
DISCONNECT
/*C79*/SET SCHEMA PUBLIC
DISCONNECT
/*C80*/SET SCHEMA PUBLIC
DISCONNECT
/*C81*/SET SCHEMA PUBLIC
INSERT INTO CLASSEXPERIMENTS VALUES(1,4,20)
COMMIT
DISCONNECT
/*C82*/SET SCHEMA PUBLIC
DISCONNECT
/*C83*/SET SCHEMA PUBLIC
DISCONNECT
/*C84*/SET SCHEMA PUBLIC
DISCONNECT
/*C85*/SET SCHEMA PUBLIC
DISCONNECT
/*C86*/SET SCHEMA PUBLIC
DISCONNECT
/*C87*/SET SCHEMA PUBLIC
DISCONNECT
/*C88*/SET SCHEMA PUBLIC
DISCONNECT
/*C89*/SET SCHEMA PUBLIC
DISCONNECT
/*C90*/SET SCHEMA PUBLIC
DISCONNECT
/*C91*/SET SCHEMA PUBLIC
DISCONNECT
/*C92*/SET SCHEMA PUBLIC
DISCONNECT
/*C93*/SET SCHEMA PUBLIC
DISCONNECT
/*C94*/SET SCHEMA PUBLIC
DISCONNECT
/*C95*/SET SCHEMA PUBLIC
DISCONNECT
/*C96*/SET SCHEMA PUBLIC
DISCONNECT
/*C97*/SET SCHEMA PUBLIC
DISCONNECT
/*C98*/SET SCHEMA PUBLIC
DISCONNECT
/*C99*/SET SCHEMA PUBLIC
DISCONNECT
/*C100*/SET SCHEMA PUBLIC
DISCONNECT
/*C101*/SET SCHEMA PUBLIC
DISCONNECT
/*C102*/SET SCHEMA PUBLIC
DISCONNECT
/*C103*/SET SCHEMA PUBLIC
INSERT INTO RESOURCEEXPERIMENTS VALUES(1,1,5,5,5)
COMMIT
DISCONNECT
/*C104*/SET SCHEMA PUBLIC
DISCONNECT
/*C105*/SET SCHEMA PUBLIC
DISCONNECT
/*C106*/SET SCHEMA PUBLIC
DISCONNECT
/*C107*/SET SCHEMA PUBLIC
DISCONNECT
/*C108*/SET SCHEMA PUBLIC
DISCONNECT
/*C109*/SET SCHEMA PUBLIC
DISCONNECT
/*C110*/SET SCHEMA PUBLIC
DISCONNECT
/*C111*/SET SCHEMA PUBLIC
DISCONNECT
/*C112*/SET SCHEMA PUBLIC
INSERT INTO RESOURCEEXPERIMENTS VALUES(1,2,4,4,4)
COMMIT
DISCONNECT
/*C113*/SET SCHEMA PUBLIC
DISCONNECT
/*C114*/SET SCHEMA PUBLIC
DISCONNECT
/*C115*/SET SCHEMA PUBLIC
DISCONNECT
/*C116*/SET SCHEMA PUBLIC
DISCONNECT
/*C117*/SET SCHEMA PUBLIC
DISCONNECT
/*C118*/SET SCHEMA PUBLIC
DISCONNECT
/*C119*/SET SCHEMA PUBLIC
DISCONNECT
/*C120*/SET SCHEMA PUBLIC
DISCONNECT
/*C121*/SET SCHEMA PUBLIC
DISCONNECT
/*C122*/SET SCHEMA PUBLIC
DISCONNECT
/*C123*/SET SCHEMA PUBLIC
DISCONNECT
/*C124*/SET SCHEMA PUBLIC
DISCONNECT
/*C125*/SET SCHEMA PUBLIC
DISCONNECT
/*C126*/SET SCHEMA PUBLIC
DISCONNECT
/*C127*/SET SCHEMA PUBLIC
DISCONNECT
/*C128*/SET SCHEMA PUBLIC
DISCONNECT
/*C129*/SET SCHEMA PUBLIC
DISCONNECT
/*C130*/SET SCHEMA PUBLIC
INSERT INTO USERS VALUES(2,'811551850219BE47D57C67BC7185808E',NULL)
COMMIT
DISCONNECT
/*C131*/SET SCHEMA PUBLIC
DISCONNECT
/*C132*/SET SCHEMA PUBLIC
DISCONNECT
/*C133*/SET SCHEMA PUBLIC
DISCONNECT
/*C134*/SET SCHEMA PUBLIC
DISCONNECT
/*C135*/SET SCHEMA PUBLIC
DISCONNECT
/*C136*/SET SCHEMA PUBLIC
DISCONNECT
/*C137*/SET SCHEMA PUBLIC
DELETE FROM USERS WHERE ID=2
INSERT INTO USERS VALUES(2,'811551850219BE47D57C67BC7185808E','0')
COMMIT
DISCONNECT
/*C138*/SET SCHEMA PUBLIC
DISCONNECT
/*C139*/SET SCHEMA PUBLIC
DISCONNECT
/*C140*/SET SCHEMA PUBLIC
DISCONNECT
/*C141*/SET SCHEMA PUBLIC
DISCONNECT
/*C142*/SET SCHEMA PUBLIC
DISCONNECT
/*C143*/SET SCHEMA PUBLIC
DISCONNECT
/*C144*/SET SCHEMA PUBLIC
DISCONNECT
/*C145*/SET SCHEMA PUBLIC
DISCONNECT
/*C146*/SET SCHEMA PUBLIC
DISCONNECT
/*C147*/SET SCHEMA PUBLIC
DISCONNECT
/*C148*/SET SCHEMA PUBLIC
DISCONNECT
/*C149*/SET SCHEMA PUBLIC
DISCONNECT
/*C150*/SET SCHEMA PUBLIC
DISCONNECT
/*C151*/SET SCHEMA PUBLIC
DISCONNECT
/*C152*/SET SCHEMA PUBLIC
DISCONNECT
/*C153*/SET SCHEMA PUBLIC
DISCONNECT
/*C154*/SET SCHEMA PUBLIC
INSERT INTO CLASSEXPERIMENTS VALUES(2,2,5)
COMMIT
DISCONNECT
/*C155*/SET SCHEMA PUBLIC
DISCONNECT
/*C156*/SET SCHEMA PUBLIC
DISCONNECT
/*C157*/SET SCHEMA PUBLIC
DISCONNECT
/*C158*/SET SCHEMA PUBLIC
DISCONNECT
/*C159*/SET SCHEMA PUBLIC
DISCONNECT
/*C160*/SET SCHEMA PUBLIC
DISCONNECT
/*C161*/SET SCHEMA PUBLIC
DISCONNECT
/*C162*/SET SCHEMA PUBLIC
DISCONNECT
/*C163*/SET SCHEMA PUBLIC
DISCONNECT
/*C164*/SET SCHEMA PUBLIC
DISCONNECT
/*C165*/SET SCHEMA PUBLIC
DISCONNECT
/*C166*/SET SCHEMA PUBLIC
DISCONNECT
/*C167*/SET SCHEMA PUBLIC
DISCONNECT
/*C168*/SET SCHEMA PUBLIC
INSERT INTO CLASSEXPERIMENTS VALUES(2,4,20)
COMMIT
DISCONNECT
/*C169*/SET SCHEMA PUBLIC
DISCONNECT
/*C170*/SET SCHEMA PUBLIC
DISCONNECT
/*C171*/SET SCHEMA PUBLIC
DISCONNECT
/*C172*/SET SCHEMA PUBLIC
DISCONNECT
/*C173*/SET SCHEMA PUBLIC
DISCONNECT
/*C174*/SET SCHEMA PUBLIC
DISCONNECT
/*C175*/SET SCHEMA PUBLIC
DISCONNECT
/*C176*/SET SCHEMA PUBLIC
DISCONNECT
/*C177*/SET SCHEMA PUBLIC
DISCONNECT
/*C178*/SET SCHEMA PUBLIC
DISCONNECT
/*C179*/SET SCHEMA PUBLIC
DISCONNECT
/*C180*/SET SCHEMA PUBLIC
DISCONNECT
/*C181*/SET SCHEMA PUBLIC
DISCONNECT
/*C182*/SET SCHEMA PUBLIC
DISCONNECT
/*C183*/SET SCHEMA PUBLIC
DISCONNECT
/*C184*/SET SCHEMA PUBLIC
DISCONNECT
/*C185*/SET SCHEMA PUBLIC
DISCONNECT
/*C186*/SET SCHEMA PUBLIC
DISCONNECT
/*C187*/SET SCHEMA PUBLIC
DISCONNECT
/*C188*/SET SCHEMA PUBLIC
DISCONNECT
/*C189*/SET SCHEMA PUBLIC
INSERT INTO RESOURCEEXPERIMENTS VALUES(2,1,NULL,5,NULL)
COMMIT
DISCONNECT
/*C190*/SET SCHEMA PUBLIC
DISCONNECT
/*C191*/SET SCHEMA PUBLIC
DISCONNECT
/*C192*/SET SCHEMA PUBLIC
DISCONNECT
/*C193*/SET SCHEMA PUBLIC
DISCONNECT
/*C194*/SET SCHEMA PUBLIC
DISCONNECT
/*C195*/SET SCHEMA PUBLIC
DISCONNECT
/*C196*/SET SCHEMA PUBLIC
DISCONNECT
/*C197*/SET SCHEMA PUBLIC
INSERT INTO RESOURCEEXPERIMENTS VALUES(2,2,NULL,4,NULL)
COMMIT
DISCONNECT
/*C198*/SET SCHEMA PUBLIC
DISCONNECT
/*C199*/SET SCHEMA PUBLIC
DISCONNECT
/*C200*/SET SCHEMA PUBLIC
DISCONNECT
/*C201*/SET SCHEMA PUBLIC
DISCONNECT
